2014-10-08 08:43:28 ERR (3): 
------------------------------------------------------------
404 - Page not found

This page does not exist / missing ACL entrie?
#0 C:\wamp\www\SiteCms\zend\Zend\Controller\Plugin\Broker.php(309): Application_Plugin_AccessCheck->preDispatch(Object(Zend_Controller_Request_Http))
#1 C:\wamp\www\SiteCms\zend\Zend\Controller\Front.php(941): Zend_Controller_Plugin_Broker->preDispatch(Object(Zend_Controller_Request_Http))
#2 C:\wamp\www\SiteCms\zend\Zend\Application\Bootstrap\Bootstrap.php(97): Zend_Controller_Front->dispatch()
#3 C:\wamp\www\SiteCms\zend\Zend\Application.php(366): Zend_Application_Bootstrap_Bootstrap->run()
#4 C:\wamp\www\SiteCms\index.php(41): Zend_Application->run()
#5 {main}array (
  'controller' => 'favicon.ico',
  'action' => 'index',
  'module' => 'default',
)

2014-10-08 08:43:28 ERR (3): 
------------------------------------------------------------
404 - Page not found

This page does not exist / missing ACL entrie?
#0 C:\wamp\www\SiteCms\zend\Zend\Controller\Plugin\Broker.php(309): Application_Plugin_AccessCheck->preDispatch(Object(Zend_Controller_Request_Http))
#1 C:\wamp\www\SiteCms\zend\Zend\Controller\Front.php(941): Zend_Controller_Plugin_Broker->preDispatch(Object(Zend_Controller_Request_Http))
#2 C:\wamp\www\SiteCms\zend\Zend\Application\Bootstrap\Bootstrap.php(97): Zend_Controller_Front->dispatch()
#3 C:\wamp\www\SiteCms\zend\Zend\Application.php(366): Zend_Application_Bootstrap_Bootstrap->run()
#4 C:\wamp\www\SiteCms\index.php(41): Zend_Application->run()
#5 {main}array (
  'controller' => 'favicon.ico',
  'action' => 'index',
  'module' => 'default',
)

